configure: loading site script /etc/config.site
checking build system type... i686-w64-mingw32
checking host system type... i686-w64-mingw32
checking target system type... i686-pc-msdosdjgpp
checking for a BSD-compatible install... /usr/bin/install -c
checking whether ln works... yes
checking whether ln -s works... no, using cp -pR
checking for a sed that does not truncate output... /usr/bin/sed
checking for gawk... gawk
checking for libatomic support... no
checking for libitm support... no
checking for libsanitizer support... no
checking for libvtv support... no
checking for libphobos support... no
checking for i686-w64-mingw32-gcc... gcc
checking whether the C compiler works... yes
checking for C compiler default output file name... a.exe
checking for suffix of executables... .exe
checking whether we are cross compiling... no
checking for suffix of object files... o
checking whether we are using the GNU C compiler... yes
checking whether gcc accepts -g... yes
checking for gcc option to accept ISO C89... none needed
checking for gcc option to accept ISO C99... none needed
checking whether we are using the GNU C++ compiler... yes
checking whether g++ accepts -g... yes
checking whether g++ accepts -static-libstdc++ -static-libgcc... yes
checking for i686-w64-mingw32-gnatbind... no
checking for gnatbind... no
checking for i686-w64-mingw32-gnatmake... no
checking for gnatmake... no
checking whether compiler driver understands Ada... no
checking for i686-w64-mingw32-gdc... no
checking for gdc... no
checking whether the D compiler works... no
checking how to compare bootstrapped objects... cmp --ignore-initial=16 $$f1 $$f2
checking whether g++ supports C++11 features by default... yes
checking for objdir... .libs
checking for the correct version of gmp.h... yes
checking for the correct version of mpfr.h... yes
checking for the correct version of mpc.h... yes
checking for the correct version of the gmp/mpfr/mpc libraries... yes
checking for isl 0.15 or later... yes
*** This configuration is not supported in the following subdirectories:
     zlib target-libatomic target-libitm target-libsanitizer target-libvtv target-libphobos gnattools gotools target-libada target-zlib target-libbacktrace target-libgfortran target-libgo target-libffi target-libobjc target-libgomp target-liboffloadmic
    (Any other directories should still work fine.)
checking for default BUILD_CONFIG... 
checking for --enable-vtable-verify... no
checking for bison... bison -y
checking for bison... bison
checking for gm4... no
checking for gnum4... no
checking for m4... m4
checking for flex... flex
checking for flex... flex
checking for makeinfo... makeinfo
checking for expect... no
checking for runtest... no
checking for i686-w64-mingw32-ar... no
checking for ar... ar
checking for i686-w64-mingw32-as... no
checking for as... as
checking for i686-w64-mingw32-dlltool... no
checking for dlltool... dlltool
checking for i686-w64-mingw32-dsymutil... no
checking for dsymutil... no
checking for i686-w64-mingw32-ld... no
checking for ld... ld
checking for i686-w64-mingw32-lipo... no
checking for lipo... no
checking for i686-w64-mingw32-nm... no
checking for nm... nm
checking for i686-w64-mingw32-ranlib... no
checking for ranlib... ranlib
checking for i686-w64-mingw32-strip... no
checking for strip... strip
checking for i686-w64-mingw32-windres... no
checking for windres... windres
checking for i686-w64-mingw32-windmc... no
checking for windmc... windmc
checking for i686-w64-mingw32-objcopy... no
checking for objcopy... objcopy
checking for i686-w64-mingw32-objdump... no
checking for objdump... objdump
checking for i686-w64-mingw32-otool... no
checking for otool... no
checking for i686-w64-mingw32-readelf... no
checking for readelf... readelf
checking for i686-pc-msdosdjgpp-cc... no
checking for i686-pc-msdosdjgpp-gcc... no
checking for i686-pc-msdosdjgpp-c++... no
checking for i686-pc-msdosdjgpp-g++... no
checking for i686-pc-msdosdjgpp-cxx... no
checking for i686-pc-msdosdjgpp-gxx... no
checking for i686-pc-msdosdjgpp-gcc... no
checking for i686-pc-msdosdjgpp-gfortran... no
checking for i686-pc-msdosdjgpp-gccgo... no
checking for i686-pc-msdosdjgpp-gdc... no
checking for ar... /mingw32/i686-pc-msdosdjgpp/bin/ar
checking for as... /mingw32/i686-pc-msdosdjgpp/bin/as
checking for dlltool... no
checking for i686-pc-msdosdjgpp-dlltool... no
checking for dsymutil... no
checking for i686-pc-msdosdjgpp-dsymutil... no
checking for ld... /mingw32/i686-pc-msdosdjgpp/bin/ld
checking for lipo... no
checking for i686-pc-msdosdjgpp-lipo... no
checking for nm... /mingw32/i686-pc-msdosdjgpp/bin/nm
checking for objcopy... /mingw32/i686-pc-msdosdjgpp/bin/objcopy
checking for objdump... /mingw32/i686-pc-msdosdjgpp/bin/objdump
checking for otool... no
checking for i686-pc-msdosdjgpp-otool... no
checking for ranlib... /mingw32/i686-pc-msdosdjgpp/bin/ranlib
checking for readelf... /mingw32/i686-pc-msdosdjgpp/bin/readelf
checking for strip... /mingw32/i686-pc-msdosdjgpp/bin/strip
checking for windres... no
checking for i686-pc-msdosdjgpp-windres... no
checking for windmc... no
checking for i686-pc-msdosdjgpp-windmc... no
checking where to find the target ar... pre-installed in /mingw32/i686-pc-msdosdjgpp/bin
checking where to find the target as... pre-installed in /mingw32/i686-pc-msdosdjgpp/bin
checking where to find the target cc... just compiled
checking where to find the target c++... just compiled
checking where to find the target c++ for libstdc++... just compiled
checking where to find the target dlltool... pre-installed
checking where to find the target dsymutil... pre-installed
checking where to find the target gcc... just compiled
checking where to find the target gfortran... pre-installed
checking where to find the target gccgo... pre-installed
checking where to find the target gdc... pre-installed
checking where to find the target ld... pre-installed in /mingw32/i686-pc-msdosdjgpp/bin
checking where to find the target lipo... pre-installed
checking where to find the target nm... pre-installed in /mingw32/i686-pc-msdosdjgpp/bin
checking where to find the target objcopy... pre-installed in /mingw32/i686-pc-msdosdjgpp/bin
checking where to find the target objdump... pre-installed in /mingw32/i686-pc-msdosdjgpp/bin
checking where to find the target otool... pre-installed
checking where to find the target ranlib... pre-installed in /mingw32/i686-pc-msdosdjgpp/bin
checking where to find the target readelf... pre-installed in /mingw32/i686-pc-msdosdjgpp/bin
checking where to find the target strip... pre-installed in /mingw32/i686-pc-msdosdjgpp/bin
checking where to find the target windres... pre-installed
checking where to find the target windmc... pre-installed
checking whether to enable maintainer-specific portions of Makefiles... no
configure: creating ./config.status

[1m[31m==> ERROR:(B[m[1m Aborted by user! Exiting...(B[m
